<?xml version="1.0" encoding="UTF-8"?>
<!-- Generated by org.testng.reporters.JUnitReportReporter -->
<testsuite hostname="INBOOK_X2" failures="0" tests="1" name="testRunner.TestRunner" time="8.160" errors="0" timestamp="2024-11-03T20:18:14 WIB" skipped="0">
  <testcase classname="testRunner.TestRunner" name="runScenario" time="8.160"/>
</testsuite> <!-- testRunner.TestRunner -->
